-outxml
-source
1.6
-target
1.6
-classpath
/Users/sja/.m2/repository/antlr/antlr/2.7.6/antlr-2.7.6.jar:/Users/sja/.m2/repository/aopalliance/aopalliance/1.0/aopalliance-1.0.jar:/Users/sja/.m2/repository/cglib/cglib-nodep/2.2/cglib-nodep-2.2.jar:/Users/sja/.m2/repository/commons-beanutils/commons-beanutils/1.8.0/commons-beanutils-1.8.0.jar:/Users/sja/.m2/repository/commons-collections/commons-collections/3.1/commons-collections-3.1.jar:/Users/sja/.m2/repository/commons-dbcp/commons-dbcp/1.3/commons-dbcp-1.3.jar:/Users/sja/.m2/repository/commons-digester/commons-digester/2.0/commons-digester-2.0.jar:/Users/sja/.m2/repository/commons-fileupload/commons-fileupload/1.2.1/commons-fileupload-1.2.1.jar:/Users/sja/.m2/repository/commons-logging/commons-logging/1.1.1/commons-logging-1.1.1.jar:/Users/sja/.m2/repository/commons-pool/commons-pool/1.5.4/commons-pool-1.5.4.jar:/Users/sja/.m2/repository/dom4j/dom4j/1.6.1/dom4j-1.6.1.jar:/Users/sja/.m2/repository/javassist/javassist/3.9.0.GA/javassist-3.9.0.GA.jar:/Users/sja/.m2/repository/javax/el/el-api/1.0/el-api-1.0.jar:/Users/sja/.m2/repository/javax/servlet/jstl/1.2/jstl-1.2.jar:/Users/sja/.m2/repository/javax/servlet/servlet-api/2.5/servlet-api-2.5.jar:/Users/sja/.m2/repository/javax/servlet/jsp/jsp-api/2.1/jsp-api-2.1.jar:/Users/sja/.m2/repository/javax/transaction/jta/1.1/jta-1.1.jar:/Users/sja/.m2/repository/javax/validation/validation-api/1.0.0.GA/validation-api-1.0.0.GA.jar:/Users/sja/.m2/repository/joda-time/joda-time/1.6/joda-time-1.6.jar:/Users/sja/.m2/repository/log4j/log4j/1.2.16/log4j-1.2.16.jar:/Users/sja/.m2/repository/mysql/mysql-connector-java/5.1.13/mysql-connector-java-5.1.13.jar:/Users/sja/.m2/repository/net/sf/flexjson/flexjson/2.0/flexjson-2.0.jar:/Users/sja/.m2/repository/org/apache/tiles/tiles-api/2.2.1/tiles-api-2.2.1.jar:/Users/sja/.m2/repository/org/apache/tiles/tiles-core/2.2.1/tiles-core-2.2.1.jar:/Users/sja/.m2/repository/org/apache/tiles/tiles-jsp/2.2.1/tiles-jsp-2.2.1.jar:/Users/sja/.m2/repository/org/apache/tiles/tiles-servlet/2.2.1/tiles-servlet-2.2.1.jar:/Users/sja/.m2/repository/org/apache/tiles/tiles-template/2.2.1/tiles-template-2.2.1.jar:/Users/sja/.m2/repository/org/aspectj/aspectjrt/1.6.10/aspectjrt-1.6.10.jar:/Users/sja/.m2/repository/org/aspectj/aspectjweaver/1.6.10/aspectjweaver-1.6.10.jar:/Users/sja/.m2/repository/org/hibernate/hibernate-annotations/3.5.5-Final/hibernate-annotations-3.5.5-Final.jar:/Users/sja/.m2/repository/org/hibernate/hibernate-commons-annotations/3.2.0.Final/hibernate-commons-annotations-3.2.0.Final.jar:/Users/sja/.m2/repository/org/hibernate/hibernate-core/3.5.5-Final/hibernate-core-3.5.5-Final.jar:/Users/sja/.m2/repository/org/hibernate/hibernate-entitymanager/3.5.5-Final/hibernate-entitymanager-3.5.5-Final.jar:/Users/sja/.m2/repository/org/hibernate/hibernate-validator/4.1.0.Final/hibernate-validator-4.1.0.Final.jar:/Users/sja/.m2/repository/org/hibernate/javax/persistence/hibernate-jpa-2.0-api/1.0.0.Final/hibernate-jpa-2.0-api-1.0.0.Final.jar:/Users/sja/.m2/repository/org/slf4j/jcl-over-slf4j/1.6.1/jcl-over-slf4j-1.6.1.jar:/Users/sja/.m2/repository/org/slf4j/slf4j-api/1.6.1/slf4j-api-1.6.1.jar:/Users/sja/.m2/repository/org/slf4j/slf4j-log4j12/1.6.1/slf4j-log4j12-1.6.1.jar:/Users/sja/.m2/repository/org/springframework/spring-aop/3.0.5.RELEASE/spring-aop-3.0.5.RELEASE.jar:/Users/sja/.m2/repository/org/springframework/spring-asm/3.0.5.RELEASE/spring-asm-3.0.5.RELEASE.jar:/Users/sja/.m2/repository/org/springframework/spring-aspects/3.0.5.RELEASE/spring-aspects-3.0.5.RELEASE.jar:/Users/sja/.m2/repository/org/springframework/spring-beans/3.0.5.RELEASE/spring-beans-3.0.5.RELEASE.jar:/Users/sja/.m2/repository/org/springframework/spring-context/3.0.5.RELEASE/spring-context-3.0.5.RELEASE.jar:/Users/sja/.m2/repository/org/springframework/spring-context-support/3.0.5.RELEASE/spring-context-support-3.0.5.RELEASE.jar:/Users/sja/.m2/repository/org/springframework/spring-core/3.0.5.RELEASE/spring-core-3.0.5.RELEASE.jar:/Users/sja/.m2/repository/org/springframework/spring-expression/3.0.5.RELEASE/spring-expression-3.0.5.RELEASE.jar:/Users/sja/.m2/repository/org/springframework/spring-jdbc/3.0.5.RELEASE/spring-jdbc-3.0.5.RELEASE.jar:/Users/sja/.m2/repository/org/springframework/spring-orm/3.0.5.RELEASE/spring-orm-3.0.5.RELEASE.jar:/Users/sja/.m2/repository/org/springframework/spring-tx/3.0.5.RELEASE/spring-tx-3.0.5.RELEASE.jar:/Users/sja/.m2/repository/org/springframework/spring-web/3.0.5.RELEASE/spring-web-3.0.5.RELEASE.jar:/Users/sja/.m2/repository/org/springframework/spring-webmvc/3.0.5.RELEASE/spring-webmvc-3.0.5.RELEASE.jar:/Users/sja/.m2/repository/org/springframework/roo/org.springframework.roo.annotations/1.1.1.RELEASE/org.springframework.roo.annotations-1.1.1.RELEASE.jar:/Users/sja/.m2/repository/org/springframework/webflow/spring-binding/2.2.0.RELEASE/spring-binding-2.2.0.RELEASE.jar:/Users/sja/.m2/repository/org/springframework/webflow/spring-js/2.2.0.RELEASE/spring-js-2.2.0.RELEASE.jar:/Users/sja/.m2/repository/org/springframework/webflow/spring-js-resources/2.2.0.RELEASE/spring-js-resources-2.2.0.RELEASE.jar:/Users/sja/.m2/repository/org/springframework/webflow/spring-webflow/2.2.0.RELEASE/spring-webflow-2.2.0.RELEASE.jar:/Users/sja/.m2/repository/xml-apis/xml-apis/1.0.b2/xml-apis-1.0.b2.jar:/Users/sja/Entwicklung/workspaces/sts-2.5.0.RELEASE/nftool/target/classes
-aspectpath
/Users/sja/.m2/repository/org/springframework/spring-aspects/3.0.5.RELEASE/spring-aspects-3.0.5.RELEASE.jar
-d
/Users/sja/Entwicklung/workspaces/sts-2.5.0.RELEASE/nftool/target/classes
/Users/sja/Entwicklung/workspaces/sts-2.5.0.RELEASE/nftool/src/main/java/fhkoeln/edb/nftool/Points_Roo_Entity.aj
/Users/sja/Entwicklung/workspaces/sts-2.5.0.RELEASE/nftool/src/main/java/fhkoeln/edb/nftool/service/LocalizedLabel_Roo_Entity.aj
/Users/sja/Entwicklung/workspaces/sts-2.5.0.RELEASE/nftool/src/main/java/fhkoeln/edb/nftool/service/LocalizedLabel_Roo_ToString.aj
/Users/sja/Entwicklung/workspaces/sts-2.5.0.RELEASE/nftool/src/main/java/fhkoeln/edb/nftool/AnswerTables.java
/Users/sja/Entwicklung/workspaces/sts-2.5.0.RELEASE/nftool/src/main/java/fhkoeln/edb/nftool/TaskTable_Roo_JavaBean.aj
/Users/sja/Entwicklung/workspaces/sts-2.5.0.RELEASE/nftool/src/main/java/fhkoeln/edb/nftool/AnswerTables_Roo_Serializable.aj
/Users/sja/Entwicklung/workspaces/sts-2.5.0.RELEASE/nftool/src/main/java/fhkoeln/edb/nftool/Points_Roo_ToString.aj
/Users/sja/Entwicklung/workspaces/sts-2.5.0.RELEASE/nftool/src/main/java/fhkoeln/edb/nftool/i18n/I18nAnnotationProcessor.java
/Users/sja/Entwicklung/workspaces/sts-2.5.0.RELEASE/nftool/src/main/java/fhkoeln/edb/nftool/Task_Roo_JavaBean.aj
/Users/sja/Entwicklung/workspaces/sts-2.5.0.RELEASE/nftool/src/main/java/fhkoeln/edb/nftool/web/TableColumnController_Roo_Controller.aj
/Users/sja/Entwicklung/workspaces/sts-2.5.0.RELEASE/nftool/src/main/java/fhkoeln/edb/nftool/web/TableRowController.java
/Users/sja/Entwicklung/workspaces/sts-2.5.0.RELEASE/nftool/src/main/java/fhkoeln/edb/nftool/TaskTable_Roo_ToString.aj
/Users/sja/Entwicklung/workspaces/sts-2.5.0.RELEASE/nftool/src/main/java/fhkoeln/edb/nftool/service/InternationalizationService.java
/Users/sja/Entwicklung/workspaces/sts-2.5.0.RELEASE/nftool/src/main/java/fhkoeln/edb/nftool/TableColumn_Roo_Entity.aj
/Users/sja/Entwicklung/workspaces/sts-2.5.0.RELEASE/nftool/src/main/java/fhkoeln/edb/nftool/web/PointsController.java
/Users/sja/Entwicklung/workspaces/sts-2.5.0.RELEASE/nftool/src/main/java/fhkoeln/edb/nftool/Task_Roo_Serializable.aj
/Users/sja/Entwicklung/workspaces/sts-2.5.0.RELEASE/nftool/src/main/java/fhkoeln/edb/nftool/web/TaskTableController.java
/Users/sja/Entwicklung/workspaces/sts-2.5.0.RELEASE/nftool/src/main/java/fhkoeln/edb/nftool/Exercise_Roo_Entity.aj
/Users/sja/Entwicklung/workspaces/sts-2.5.0.RELEASE/nftool/src/main/java/fhkoeln/edb/nftool/TableColumn_Roo_ToString.aj
/Users/sja/Entwicklung/workspaces/sts-2.5.0.RELEASE/nftool/src/main/java/fhkoeln/edb/nftool/TableRow.java
/Users/sja/Entwicklung/workspaces/sts-2.5.0.RELEASE/nftool/src/main/java/fhkoeln/edb/nftool/Task_Roo_Configurable.aj
/Users/sja/Entwicklung/workspaces/sts-2.5.0.RELEASE/nftool/src/main/java/fhkoeln/edb/nftool/AnswerTables_Roo_JavaBean.aj
/Users/sja/Entwicklung/workspaces/sts-2.5.0.RELEASE/nftool/src/main/java/fhkoeln/edb/nftool/Task_Roo_Entity.aj
/Users/sja/Entwicklung/workspaces/sts-2.5.0.RELEASE/nftool/src/main/java/fhkoeln/edb/nftool/web/TaskController_Roo_Controller.aj
/Users/sja/Entwicklung/workspaces/sts-2.5.0.RELEASE/nftool/src/main/java/fhkoeln/edb/nftool/AnswerColumns.java
/Users/sja/Entwicklung/workspaces/sts-2.5.0.RELEASE/nftool/src/main/java/fhkoeln/edb/nftool/TableColumn_Roo_Configurable.aj
/Users/sja/Entwicklung/workspaces/sts-2.5.0.RELEASE/nftool/src/main/java/fhkoeln/edb/nftool/web/TaskController.java
/Users/sja/Entwicklung/workspaces/sts-2.5.0.RELEASE/nftool/src/main/java/fhkoeln/edb/nftool/web/TaskTableController_Roo_Controller.aj
/Users/sja/Entwicklung/workspaces/sts-2.5.0.RELEASE/nftool/src/main/java/fhkoeln/edb/nftool/TableRow_Roo_Serializable.aj
/Users/sja/Entwicklung/workspaces/sts-2.5.0.RELEASE/nftool/src/main/java/fhkoeln/edb/nftool/TaskTable.java
/Users/sja/Entwicklung/workspaces/sts-2.5.0.RELEASE/nftool/src/main/java/fhkoeln/edb/nftool/web/ExerciseController_Roo_Controller.aj
/Users/sja/Entwicklung/workspaces/sts-2.5.0.RELEASE/nftool/src/main/java/fhkoeln/edb/nftool/TableColumn_Roo_JavaBean.aj
/Users/sja/Entwicklung/workspaces/sts-2.5.0.RELEASE/nftool/src/main/java/fhkoeln/edb/nftool/AnswerColumns_Roo_JavaBean.aj
/Users/sja/Entwicklung/workspaces/sts-2.5.0.RELEASE/nftool/src/main/java/fhkoeln/edb/nftool/web/TableColumnController.java
/Users/sja/Entwicklung/workspaces/sts-2.5.0.RELEASE/nftool/src/main/java/fhkoeln/edb/nftool/TaskTable_Roo_Entity.aj
/Users/sja/Entwicklung/workspaces/sts-2.5.0.RELEASE/nftool/src/main/java/fhkoeln/edb/nftool/Exercise_Roo_JavaBean.aj
/Users/sja/Entwicklung/workspaces/sts-2.5.0.RELEASE/nftool/src/main/java/fhkoeln/edb/nftool/service/LocalizedLabel_Roo_JavaBean.aj
/Users/sja/Entwicklung/workspaces/sts-2.5.0.RELEASE/nftool/src/main/java/fhkoeln/edb/nftool/Exercise_Roo_Configurable.aj
/Users/sja/Entwicklung/workspaces/sts-2.5.0.RELEASE/nftool/src/main/java/fhkoeln/edb/nftool/service/LocalizedLabel.java
/Users/sja/Entwicklung/workspaces/sts-2.5.0.RELEASE/nftool/src/main/java/fhkoeln/edb/nftool/i18n/I18nString.java
/Users/sja/Entwicklung/workspaces/sts-2.5.0.RELEASE/nftool/src/main/java/fhkoeln/edb/nftool/i18n/LocalizedLabelUserType.java
/Users/sja/Entwicklung/workspaces/sts-2.5.0.RELEASE/nftool/src/main/java/fhkoeln/edb/nftool/Points.java
/Users/sja/Entwicklung/workspaces/sts-2.5.0.RELEASE/nftool/src/main/java/fhkoeln/edb/nftool/TableRow_Roo_ToString.aj
/Users/sja/Entwicklung/workspaces/sts-2.5.0.RELEASE/nftool/src/main/java/fhkoeln/edb/nftool/web/TableRowController_Roo_Controller.aj
/Users/sja/Entwicklung/workspaces/sts-2.5.0.RELEASE/nftool/src/main/java/fhkoeln/edb/nftool/web/ApplicationConversionServiceFactoryBean.java
/Users/sja/Entwicklung/workspaces/sts-2.5.0.RELEASE/nftool/src/main/java/fhkoeln/edb/nftool/service/LocalizedLabel_Roo_Configurable.aj
/Users/sja/Entwicklung/workspaces/sts-2.5.0.RELEASE/nftool/src/main/java/fhkoeln/edb/nftool/service/LocalizedLabel_Roo_Finder.aj
/Users/sja/Entwicklung/workspaces/sts-2.5.0.RELEASE/nftool/src/main/java/fhkoeln/edb/nftool/TableRow_Roo_JavaBean.aj
/Users/sja/Entwicklung/workspaces/sts-2.5.0.RELEASE/nftool/src/main/java/fhkoeln/edb/nftool/Exercise_Roo_Serializable.aj
/Users/sja/Entwicklung/workspaces/sts-2.5.0.RELEASE/nftool/src/main/java/fhkoeln/edb/nftool/Task.java
/Users/sja/Entwicklung/workspaces/sts-2.5.0.RELEASE/nftool/src/main/java/fhkoeln/edb/nftool/Task_Roo_Finder.aj
/Users/sja/Entwicklung/workspaces/sts-2.5.0.RELEASE/nftool/src/main/java/fhkoeln/edb/nftool/TableColumn_Roo_Serializable.aj
/Users/sja/Entwicklung/workspaces/sts-2.5.0.RELEASE/nftool/src/main/java/fhkoeln/edb/nftool/web/LocalizedLabelController_Roo_Controller.aj
/Users/sja/Entwicklung/workspaces/sts-2.5.0.RELEASE/nftool/src/main/java/fhkoeln/edb/nftool/Exercise.java
/Users/sja/Entwicklung/workspaces/sts-2.5.0.RELEASE/nftool/src/main/java/fhkoeln/edb/nftool/web/LocalizedLabelController.java
/Users/sja/Entwicklung/workspaces/sts-2.5.0.RELEASE/nftool/src/main/java/fhkoeln/edb/nftool/TaskTable_Roo_Serializable.aj
/Users/sja/Entwicklung/workspaces/sts-2.5.0.RELEASE/nftool/src/main/java/fhkoeln/edb/nftool/ExerciseState.java
/Users/sja/Entwicklung/workspaces/sts-2.5.0.RELEASE/nftool/src/main/java/fhkoeln/edb/nftool/web/ApplicationConversionServiceFactoryBean_Roo_ConversionService.aj
/Users/sja/Entwicklung/workspaces/sts-2.5.0.RELEASE/nftool/src/main/java/fhkoeln/edb/nftool/Points_Roo_Serializable.aj
/Users/sja/Entwicklung/workspaces/sts-2.5.0.RELEASE/nftool/src/main/java/fhkoeln/edb/nftool/TaskTable_Roo_Configurable.aj
/Users/sja/Entwicklung/workspaces/sts-2.5.0.RELEASE/nftool/src/main/java/fhkoeln/edb/nftool/service/LocalizedLabel_Roo_Serializable.aj
/Users/sja/Entwicklung/workspaces/sts-2.5.0.RELEASE/nftool/src/main/java/fhkoeln/edb/nftool/TableRow_Roo_Configurable.aj
/Users/sja/Entwicklung/workspaces/sts-2.5.0.RELEASE/nftool/src/main/java/fhkoeln/edb/nftool/TableRow_Roo_Entity.aj
/Users/sja/Entwicklung/workspaces/sts-2.5.0.RELEASE/nftool/src/main/java/fhkoeln/edb/nftool/TableColumn.java
/Users/sja/Entwicklung/workspaces/sts-2.5.0.RELEASE/nftool/src/main/java/fhkoeln/edb/nftool/Task_Roo_ToString.aj
/Users/sja/Entwicklung/workspaces/sts-2.5.0.RELEASE/nftool/src/main/java/fhkoeln/edb/nftool/AnswerColumns_Roo_Serializable.aj
/Users/sja/Entwicklung/workspaces/sts-2.5.0.RELEASE/nftool/src/main/java/fhkoeln/edb/nftool/web/PointsController_Roo_Controller.aj
/Users/sja/Entwicklung/workspaces/sts-2.5.0.RELEASE/nftool/src/main/java/fhkoeln/edb/nftool/web/ExerciseController.java
/Users/sja/Entwicklung/workspaces/sts-2.5.0.RELEASE/nftool/src/main/java/fhkoeln/edb/nftool/Points_Roo_JavaBean.aj
/Users/sja/Entwicklung/workspaces/sts-2.5.0.RELEASE/nftool/src/main/java/fhkoeln/edb/nftool/Points_Roo_Configurable.aj
